[ 50%] [32mBuilding CXX object CMakeFiles/ArUco.dir/src/ArUco.cpp.o[0m
[100%] [32m[1mLinking CXX executable ArUco[0m
[100%] Built target ArUco
-- Install configuration: ""
-- Installing: /home/spaaaaace/Code/ArUco/install/ArUco/lib/ArUco/ArUco
-- Set runtime path of "/home/spaaaaace/Code/ArUco/install/ArUco/lib/ArUco/ArUco" to ""
-- Up-to-date: /home/spaaaaace/Code/ArUco/install/ArUco/share/ament_index/resource_index/package_run_dependencies/ArUco
-- Up-to-date: /home/spaaaaace/Code/ArUco/install/ArUco/share/ament_index/resource_index/parent_prefix_path/ArUco
-- Up-to-date: /home/spaaaaace/Code/ArUco/install/ArUco/share/ArUco/environment/ament_prefix_path.sh
-- Up-to-date: /home/spaaaaace/Code/ArUco/install/ArUco/share/ArUco/environment/ament_prefix_path.dsv
-- Up-to-date: /home/spaaaaace/Code/ArUco/install/ArUco/share/ArUco/environment/path.sh
-- Up-to-date: /home/spaaaaace/Code/ArUco/install/ArUco/share/ArUco/environment/path.dsv
-- Up-to-date: /home/spaaaaace/Code/ArUco/install/ArUco/share/ArUco/local_setup.bash
-- Up-to-date: /home/spaaaaace/Code/ArUco/install/ArUco/share/ArUco/local_setup.sh
-- Up-to-date: /home/spaaaaace/Code/ArUco/install/ArUco/share/ArUco/local_setup.zsh
-- Up-to-date: /home/spaaaaace/Code/ArUco/install/ArUco/share/ArUco/local_setup.dsv
-- Installing: /home/spaaaaace/Code/ArUco/install/ArUco/share/ArUco/package.dsv
-- Up-to-date: /home/spaaaaace/Code/ArUco/install/ArUco/share/ament_index/resource_index/packages/ArUco
-- Up-to-date: /home/spaaaaace/Code/ArUco/install/ArUco/share/ArUco/cmake/ArUcoConfig.cmake
-- Up-to-date: /home/spaaaaace/Code/ArUco/install/ArUco/share/ArUco/cmake/ArUcoConfig-version.cmake
-- Up-to-date: /home/spaaaaace/Code/ArUco/install/ArUco/share/ArUco/package.xml
