[0.056s] DEBUG:colcon:Command line arguments: ['/usr/bin/colcon', 'build']
[0.056s] DEBUG:colcon:Parsed command line arguments: Namespace(log_base=None, log_level=None, verb_name='build', build_base='build', install_base='install', merge_install=False, symlink_install=False, test_result_base=None, continue_on_error=False, executor='parallel', parallel_workers=22, event_handlers=None, ignore_user_meta=False, metas=['./colcon.meta'], base_paths=['.'], packages_ignore=None, packages_ignore_regex=None, paths=None, packages_up_to=None, packages_up_to_regex=None, packages_above=None, packages_above_and_dependencies=None, packages_above_depth=None, packages_select_by_dep=None, packages_skip_by_dep=None, packages_skip_up_to=None, packages_select_build_failed=False, packages_skip_build_finished=False, packages_select_test_failures=False, packages_skip_test_passed=False, packages_select=None, packages_skip=None, packages_select_regex=None, packages_skip_regex=None, packages_start=None, packages_end=None, allow_overriding=[], cmake_args=None, cmake_target=None, cmake_target_skip_unavailable=False, cmake_clean_cache=False, cmake_clean_first=False, cmake_force_configure=False, ament_cmake_args=None, catkin_cmake_args=None, catkin_skip_building_tests=False, verb_parser=<colcon_defaults.argument_parser.defaults.DefaultArgumentsDecorator object at 0x78306e14d660>, verb_extension=<colcon_core.verb.build.BuildVerb object at 0x78306e14d0f0>, main=<bound method BuildVerb.main of <colcon_core.verb.build.BuildVerb object at 0x78306e14d0f0>>)
[0.155s] Level 1:colcon.colcon_core.package_discovery:discover_packages(colcon_meta) check parameters
[0.155s] Level 1:colcon.colcon_core.package_discovery:discover_packages(recursive) check parameters
[0.155s] Level 1:colcon.colcon_core.package_discovery:discover_packages(ignore) check parameters
[0.155s] Level 1:colcon.colcon_core.package_discovery:discover_packages(path) check parameters
[0.155s] Level 1:colcon.colcon_core.package_discovery:discover_packages(colcon_meta) discover
[0.155s] Level 1:colcon.colcon_core.package_discovery:discover_packages(recursive) discover
[0.155s] INFO:colcon.colcon_core.package_discovery:Crawling recursively for packages in '/home/spaaaaace/Code/ArUco'
[0.155s] Level 1:colcon.colcon_core.package_identification:_identify(.) by extensions ['ignore', 'ignore_ament_install']
[0.155s] Level 1:colcon.colcon_core.package_identification:_identify(.) by extension 'ignore'
[0.155s] Level 1:colcon.colcon_core.package_identification:_identify(.) by extension 'ignore_ament_install'
[0.155s] Level 1:colcon.colcon_core.package_identification:_identify(.) by extensions ['colcon_pkg']
[0.155s] Level 1:colcon.colcon_core.package_identification:_identify(.) by extension 'colcon_pkg'
[0.155s] Level 1:colcon.colcon_core.package_identification:_identify(.) by extensions ['colcon_meta']
[0.155s] Level 1:colcon.colcon_core.package_identification:_identify(.) by extension 'colcon_meta'
[0.155s] Level 1:colcon.colcon_core.package_identification:_identify(.) by extensions ['ros']
[0.155s] Level 1:colcon.colcon_core.package_identification:_identify(.) by extension 'ros'
[0.161s] Level 1:colcon.colcon_core.package_identification:_identify(.) by extensions ['cmake', 'python']
[0.161s] Level 1:colcon.colcon_core.package_identification:_identify(.) by extension 'cmake'
[0.161s] Level 1:colcon.colcon_core.package_identification:_identify(.) by extension 'python'
[0.161s] Level 1:colcon.colcon_core.package_identification:_identify(.) by extensions ['python_setup_py']
[0.161s] Level 1:colcon.colcon_core.package_identification:_identify(.) by extension 'python_setup_py'
[0.161s] Level 1:colcon.colcon_core.package_identification:_identify(ArUco_marker) by extensions ['ignore', 'ignore_ament_install']
[0.162s] Level 1:colcon.colcon_core.package_identification:_identify(ArUco_marker) by extension 'ignore'
[0.162s] Level 1:colcon.colcon_core.package_identification:_identify(ArUco_marker) by extension 'ignore_ament_install'
[0.162s] Level 1:colcon.colcon_core.package_identification:_identify(ArUco_marker) by extensions ['colcon_pkg']
[0.162s] Level 1:colcon.colcon_core.package_identification:_identify(ArUco_marker) by extension 'colcon_pkg'
[0.162s] Level 1:colcon.colcon_core.package_identification:_identify(ArUco_marker) by extensions ['colcon_meta']
[0.162s] Level 1:colcon.colcon_core.package_identification:_identify(ArUco_marker) by extension 'colcon_meta'
[0.162s] Level 1:colcon.colcon_core.package_identification:_identify(ArUco_marker) by extensions ['ros']
[0.162s] Level 1:colcon.colcon_core.package_identification:_identify(ArUco_marker) by extension 'ros'
[0.162s] Level 1:colcon.colcon_core.package_identification:_identify(ArUco_marker) by extensions ['cmake', 'python']
[0.162s] Level 1:colcon.colcon_core.package_identification:_identify(ArUco_marker) by extension 'cmake'
[0.162s] Level 1:colcon.colcon_core.package_identification:_identify(ArUco_marker) by extension 'python'
[0.162s] Level 1:colcon.colcon_core.package_identification:_identify(ArUco_marker) by extensions ['python_setup_py']
[0.162s] Level 1:colcon.colcon_core.package_identification:_identify(ArUco_marker) by extension 'python_setup_py'
[0.162s] Level 1:colcon.colcon_core.package_identification:_identify(ArUco_marker/Marker) by extensions ['ignore', 'ignore_ament_install']
[0.162s] Level 1:colcon.colcon_core.package_identification:_identify(ArUco_marker/Marker) by extension 'ignore'
[0.162s] Level 1:colcon.colcon_core.package_identification:_identify(ArUco_marker/Marker) by extension 'ignore_ament_install'
[0.162s] Level 1:colcon.colcon_core.package_identification:_identify(ArUco_marker/Marker) by extensions ['colcon_pkg']
[0.162s] Level 1:colcon.colcon_core.package_identification:_identify(ArUco_marker/Marker) by extension 'colcon_pkg'
[0.162s] Level 1:colcon.colcon_core.package_identification:_identify(ArUco_marker/Marker) by extensions ['colcon_meta']
[0.162s] Level 1:colcon.colcon_core.package_identification:_identify(ArUco_marker/Marker) by extension 'colcon_meta'
[0.162s] Level 1:colcon.colcon_core.package_identification:_identify(ArUco_marker/Marker) by extensions ['ros']
[0.162s] Level 1:colcon.colcon_core.package_identification:_identify(ArUco_marker/Marker) by extension 'ros'
[0.162s] Level 1:colcon.colcon_core.package_identification:_identify(ArUco_marker/Marker) by extensions ['cmake', 'python']
[0.162s] Level 1:colcon.colcon_core.package_identification:_identify(ArUco_marker/Marker) by extension 'cmake'
[0.162s] Level 1:colcon.colcon_core.package_identification:_identify(ArUco_marker/Marker) by extension 'python'
[0.162s] Level 1:colcon.colcon_core.package_identification:_identify(ArUco_marker/Marker) by extensions ['python_setup_py']
[0.162s] Level 1:colcon.colcon_core.package_identification:_identify(ArUco_marker/Marker) by extension 'python_setup_py'
[0.162s] Level 1:colcon.colcon_core.package_identification:_identify(build) by extensions ['ignore', 'ignore_ament_install']
[0.162s] Level 1:colcon.colcon_core.package_identification:_identify(build) by extension 'ignore'
[0.162s] Level 1:colcon.colcon_core.package_identification:_identify(build) ignored
[0.162s] Level 1:colcon.colcon_core.package_identification:_identify(install) by extensions ['ignore', 'ignore_ament_install']
[0.162s] Level 1:colcon.colcon_core.package_identification:_identify(install) by extension 'ignore'
[0.162s] Level 1:colcon.colcon_core.package_identification:_identify(install) ignored
[0.162s] Level 1:colcon.colcon_core.package_identification:_identify(log) by extensions ['ignore', 'ignore_ament_install']
[0.162s] Level 1:colcon.colcon_core.package_identification:_identify(log) by extension 'ignore'
[0.162s] Level 1:colcon.colcon_core.package_identification:_identify(log) ignored
[0.162s] Level 1:colcon.colcon_core.package_identification:_identify(src) by extensions ['ignore', 'ignore_ament_install']
[0.162s] Level 1:colcon.colcon_core.package_identification:_identify(src) by extension 'ignore'
[0.162s] Level 1:colcon.colcon_core.package_identification:_identify(src) by extension 'ignore_ament_install'
[0.163s] Level 1:colcon.colcon_core.package_identification:_identify(src) by extensions ['colcon_pkg']
[0.163s] Level 1:colcon.colcon_core.package_identification:_identify(src) by extension 'colcon_pkg'
[0.163s] Level 1:colcon.colcon_core.package_identification:_identify(src) by extensions ['colcon_meta']
[0.163s] Level 1:colcon.colcon_core.package_identification:_identify(src) by extension 'colcon_meta'
[0.163s] Level 1:colcon.colcon_core.package_identification:_identify(src) by extensions ['ros']
[0.163s] Level 1:colcon.colcon_core.package_identification:_identify(src) by extension 'ros'
[0.163s] Level 1:colcon.colcon_core.package_identification:_identify(src) by extensions ['cmake', 'python']
[0.163s] Level 1:colcon.colcon_core.package_identification:_identify(src) by extension 'cmake'
[0.163s] Level 1:colcon.colcon_core.package_identification:_identify(src) by extension 'python'
[0.163s] Level 1:colcon.colcon_core.package_identification:_identify(src) by extensions ['python_setup_py']
[0.163s] Level 1:colcon.colcon_core.package_identification:_identify(src) by extension 'python_setup_py'
[0.163s] Level 1:colcon.colcon_core.package_identification:_identify(src/aruco) by extensions ['ignore', 'ignore_ament_install']
[0.163s] Level 1:colcon.colcon_core.package_identification:_identify(src/aruco) by extension 'ignore'
[0.163s] Level 1:colcon.colcon_core.package_identification:_identify(src/aruco) by extension 'ignore_ament_install'
[0.163s] Level 1:colcon.colcon_core.package_identification:_identify(src/aruco) by extensions ['colcon_pkg']
[0.163s] Level 1:colcon.colcon_core.package_identification:_identify(src/aruco) by extension 'colcon_pkg'
[0.163s] Level 1:colcon.colcon_core.package_identification:_identify(src/aruco) by extensions ['colcon_meta']
[0.163s] Level 1:colcon.colcon_core.package_identification:_identify(src/aruco) by extension 'colcon_meta'
[0.163s] Level 1:colcon.colcon_core.package_identification:_identify(src/aruco) by extensions ['ros']
[0.163s] Level 1:colcon.colcon_core.package_identification:_identify(src/aruco) by extension 'ros'
[0.165s] DEBUG:colcon.colcon_core.package_identification:Package 'src/aruco' with type 'ros.ament_cmake' and name 'ArUco'
[0.165s] Level 1:colcon.colcon_core.package_identification:_identify(src/dji_Action4_camera) by extensions ['ignore', 'ignore_ament_install']
[0.165s] Level 1:colcon.colcon_core.package_identification:_identify(src/dji_Action4_camera) by extension 'ignore'
[0.165s] Level 1:colcon.colcon_core.package_identification:_identify(src/dji_Action4_camera) by extension 'ignore_ament_install'
[0.165s] Level 1:colcon.colcon_core.package_identification:_identify(src/dji_Action4_camera) by extensions ['colcon_pkg']
[0.165s] Level 1:colcon.colcon_core.package_identification:_identify(src/dji_Action4_camera) by extension 'colcon_pkg'
[0.165s] Level 1:colcon.colcon_core.package_identification:_identify(src/dji_Action4_camera) by extensions ['colcon_meta']
[0.165s] Level 1:colcon.colcon_core.package_identification:_identify(src/dji_Action4_camera) by extension 'colcon_meta'
[0.165s] Level 1:colcon.colcon_core.package_identification:_identify(src/dji_Action4_camera) by extensions ['ros']
[0.165s] Level 1:colcon.colcon_core.package_identification:_identify(src/dji_Action4_camera) by extension 'ros'
[0.165s] DEBUG:colcon.colcon_core.package_identification:Package 'src/dji_Action4_camera' with type 'ros.ament_cmake' and name 'dji_action4_camera'
[0.165s] Level 1:colcon.colcon_core.package_discovery:discover_packages(recursive) using defaults
[0.165s] Level 1:colcon.colcon_core.package_discovery:discover_packages(ignore) discover
[0.165s] Level 1:colcon.colcon_core.package_discovery:discover_packages(ignore) using defaults
[0.165s] Level 1:colcon.colcon_core.package_discovery:discover_packages(path) discover
[0.165s] Level 1:colcon.colcon_core.package_discovery:discover_packages(path) using defaults
[0.182s] Level 1:colcon.colcon_core.package_discovery:discover_packages(prefix_path) check parameters
[0.182s] Level 1:colcon.colcon_core.package_discovery:discover_packages(prefix_path) discover
[0.183s] WARNING:colcon.colcon_ros.prefix_path.ament:The path '/home/spaaaaace/Code/ArUco/install/dji_action4_camera' in the environment variable AMENT_PREFIX_PATH doesn't exist
[0.183s] WARNING:colcon.colcon_ros.prefix_path.ament:The path '/home/spaaaaace/Code/ArUco/install/ArUco' in the environment variable AMENT_PREFIX_PATH doesn't exist
[0.183s] WARNING:colcon.colcon_ros.prefix_path.catkin:The path '/home/spaaaaace/Code/ArUco/install/dji_action4_camera' in the environment variable CMAKE_PREFIX_PATH doesn't exist
[0.183s] WARNING:colcon.colcon_ros.prefix_path.catkin:The path '/home/spaaaaace/Code/ArUco/install/ArUco' in the environment variable CMAKE_PREFIX_PATH doesn't exist
[0.183s] DEBUG:colcon.colcon_installed_package_information.package_discovery:Found 0 installed packages in /home/spaaaaace/Code/ArUco/install
[0.184s] DEBUG:colcon.colcon_installed_package_information.package_discovery:Found 2 installed packages in /home/spaaaaace/env/MicroROS-Agent/microros_ws/install
[0.184s] DEBUG:colcon.colcon_installed_package_information.package_discovery:Found 390 installed packages in /opt/ros/humble
[0.185s] Level 1:colcon.colcon_core.package_discovery:discover_packages(prefix_path) using defaults
[0.210s] Level 5:colcon.colcon_core.verb:set package 'ArUco' build argument 'cmake_args' from command line to 'None'
[0.210s] Level 5:colcon.colcon_core.verb:set package 'ArUco' build argument 'cmake_target' from command line to 'None'
[0.210s] Level 5:colcon.colcon_core.verb:set package 'ArUco' build argument 'cmake_target_skip_unavailable' from command line to 'False'
[0.210s] Level 5:colcon.colcon_core.verb:set package 'ArUco' build argument 'cmake_clean_cache' from command line to 'False'
[0.210s] Level 5:colcon.colcon_core.verb:set package 'ArUco' build argument 'cmake_clean_first' from command line to 'False'
[0.210s] Level 5:colcon.colcon_core.verb:set package 'ArUco' build argument 'cmake_force_configure' from command line to 'False'
[0.210s] Level 5:colcon.colcon_core.verb:set package 'ArUco' build argument 'ament_cmake_args' from command line to 'None'
[0.210s] Level 5:colcon.colcon_core.verb:set package 'ArUco' build argument 'catkin_cmake_args' from command line to 'None'
[0.210s] Level 5:colcon.colcon_core.verb:set package 'ArUco' build argument 'catkin_skip_building_tests' from command line to 'False'
[0.210s] DEBUG:colcon.colcon_core.verb:Building package 'ArUco' with the following arguments: {'ament_cmake_args': None, 'build_base': '/home/spaaaaace/Code/ArUco/build/ArUco', 'catkin_cmake_args': None, 'catkin_skip_building_tests': False, 'cmake_args': None, 'cmake_clean_cache': False, 'cmake_clean_first': False, 'cmake_force_configure': False, 'cmake_target': None, 'cmake_target_skip_unavailable': False, 'install_base': '/home/spaaaaace/Code/ArUco/install/ArUco', 'merge_install': False, 'path': '/home/spaaaaace/Code/ArUco/src/aruco', 'symlink_install': False, 'test_result_base': None}
[0.210s] Level 5:colcon.colcon_core.verb:set package 'dji_action4_camera' build argument 'cmake_args' from command line to 'None'
[0.210s] Level 5:colcon.colcon_core.verb:set package 'dji_action4_camera' build argument 'cmake_target' from command line to 'None'
[0.210s] Level 5:colcon.colcon_core.verb:set package 'dji_action4_camera' build argument 'cmake_target_skip_unavailable' from command line to 'False'
[0.210s] Level 5:colcon.colcon_core.verb:set package 'dji_action4_camera' build argument 'cmake_clean_cache' from command line to 'False'
[0.210s] Level 5:colcon.colcon_core.verb:set package 'dji_action4_camera' build argument 'cmake_clean_first' from command line to 'False'
[0.210s] Level 5:colcon.colcon_core.verb:set package 'dji_action4_camera' build argument 'cmake_force_configure' from command line to 'False'
[0.211s] Level 5:colcon.colcon_core.verb:set package 'dji_action4_camera' build argument 'ament_cmake_args' from command line to 'None'
[0.211s] Level 5:colcon.colcon_core.verb:set package 'dji_action4_camera' build argument 'catkin_cmake_args' from command line to 'None'
[0.211s] Level 5:colcon.colcon_core.verb:set package 'dji_action4_camera' build argument 'catkin_skip_building_tests' from command line to 'False'
[0.211s] DEBUG:colcon.colcon_core.verb:Building package 'dji_action4_camera' with the following arguments: {'ament_cmake_args': None, 'build_base': '/home/spaaaaace/Code/ArUco/build/dji_action4_camera', 'catkin_cmake_args': None, 'catkin_skip_building_tests': False, 'cmake_args': None, 'cmake_clean_cache': False, 'cmake_clean_first': False, 'cmake_force_configure': False, 'cmake_target': None, 'cmake_target_skip_unavailable': False, 'install_base': '/home/spaaaaace/Code/ArUco/install/dji_action4_camera', 'merge_install': False, 'path': '/home/spaaaaace/Code/ArUco/src/dji_Action4_camera', 'symlink_install': False, 'test_result_base': None}
[0.211s] INFO:colcon.colcon_core.executor:Executing jobs using 'parallel' executor
[0.211s] DEBUG:colcon.colcon_parallel_executor.executor.parallel:run_until_complete
[0.212s] INFO:colcon.colcon_ros.task.ament_cmake.build:Building ROS package in '/home/spaaaaace/Code/ArUco/src/aruco' with build type 'ament_cmake'
[0.212s] INFO:colcon.colcon_cmake.task.cmake.build:Building CMake package in '/home/spaaaaace/Code/ArUco/src/aruco'
[0.213s] INFO:colcon.colcon_core.plugin_system:Skipping extension 'colcon_core.shell.bat': Not used on non-Windows systems
[0.213s] INFO:colcon.colcon_core.shell:Skip shell extension 'powershell' for command environment: Not usable outside of PowerShell
[0.213s] DEBUG:colcon.colcon_core.shell:Skip shell extension 'dsv' for command environment
[0.215s] INFO:colcon.colcon_ros.task.ament_cmake.build:Building ROS package in '/home/spaaaaace/Code/ArUco/src/dji_Action4_camera' with build type 'ament_cmake'
[0.215s] INFO:colcon.colcon_cmake.task.cmake.build:Building CMake package in '/home/spaaaaace/Code/ArUco/src/dji_Action4_camera'
[0.215s] INFO:colcon.colcon_core.shell:Skip shell extension 'powershell' for command environment: Not usable outside of PowerShell
[0.215s] DEBUG:colcon.colcon_core.shell:Skip shell extension 'dsv' for command environment
[0.223s] DEBUG:colcon.colcon_core.event_handler.log_command:Invoking command in '/home/spaaaaace/Code/ArUco/build/ArUco': CMAKE_PREFIX_PATH=${CMAKE_PREFIX_PATH}:/opt/ros/humble CONDA_PROMPT_MODIFIER=(vision) /usr/local/bin/cmake /home/spaaaaace/Code/ArUco/src/aruco -DCMAKE_INSTALL_PREFIX=/home/spaaaaace/Code/ArUco/install/ArUco
[0.225s] DEBUG:colcon.colcon_core.event_handler.log_command:Invoking command in '/home/spaaaaace/Code/ArUco/build/dji_action4_camera': CMAKE_PREFIX_PATH=${CMAKE_PREFIX_PATH}:/opt/ros/humble CONDA_PROMPT_MODIFIER=(vision) /usr/local/bin/cmake /home/spaaaaace/Code/ArUco/src/dji_Action4_camera -DCMAKE_INSTALL_PREFIX=/home/spaaaaace/Code/ArUco/install/dji_action4_camera
[1.160s] DEBUG:colcon.colcon_core.event_handler.log_command:Invoked command in '/home/spaaaaace/Code/ArUco/build/ArUco' returned '1': CMAKE_PREFIX_PATH=${CMAKE_PREFIX_PATH}:/opt/ros/humble CONDA_PROMPT_MODIFIER=(vision) /usr/local/bin/cmake /home/spaaaaace/Code/ArUco/src/aruco -DCMAKE_INSTALL_PREFIX=/home/spaaaaace/Code/ArUco/install/ArUco
[1.166s] DEBUG:colcon.colcon_core.event_handler.log_command:Invoked command in '/home/spaaaaace/Code/ArUco/build/dji_action4_camera' returned '0': CMAKE_PREFIX_PATH=${CMAKE_PREFIX_PATH}:/opt/ros/humble CONDA_PROMPT_MODIFIER=(vision) /usr/local/bin/cmake /home/spaaaaace/Code/ArUco/src/dji_Action4_camera -DCMAKE_INSTALL_PREFIX=/home/spaaaaace/Code/ArUco/install/dji_action4_camera
[1.169s] Level 1:colcon.colcon_core.environment:create_environment_scripts_only(ArUco)
[1.169s] DEBUG:colcon.colcon_core.event_handler.log_command:Invoking command in '/home/spaaaaace/Code/ArUco/build/dji_action4_camera': CMAKE_PREFIX_PATH=${CMAKE_PREFIX_PATH}:/opt/ros/humble CONDA_PROMPT_MODIFIER=(vision) /usr/local/bin/cmake --build /home/spaaaaace/Code/ArUco/build/dji_action4_camera -- -j22 -l22
[1.170s] Level 1:colcon.colcon_core.environment:checking '/home/spaaaaace/Code/ArUco/install/ArUco' for CMake module files
[1.170s] Level 1:colcon.colcon_core.environment:checking '/home/spaaaaace/Code/ArUco/install/ArUco' for CMake config files
[1.170s] Level 1:colcon.colcon_core.environment:checking '/home/spaaaaace/Code/ArUco/install/ArUco/bin'
[1.170s] Level 1:colcon.colcon_core.environment:checking '/home/spaaaaace/Code/ArUco/install/ArUco/lib/pkgconfig/ArUco.pc'
[1.171s] Level 1:colcon.colcon_core.environment:checking '/home/spaaaaace/Code/ArUco/install/ArUco/lib/python3.10/site-packages'
[1.171s] Level 1:colcon.colcon_core.environment:checking '/home/spaaaaace/Code/ArUco/install/ArUco/bin'
[1.171s] INFO:colcon.colcon_core.shell:Creating package script '/home/spaaaaace/Code/ArUco/install/ArUco/share/ArUco/package.ps1'
[1.171s] INFO:colcon.colcon_core.shell:Creating package descriptor '/home/spaaaaace/Code/ArUco/install/ArUco/share/ArUco/package.dsv'
[1.172s] INFO:colcon.colcon_core.shell:Creating package script '/home/spaaaaace/Code/ArUco/install/ArUco/share/ArUco/package.sh'
[1.172s] INFO:colcon.colcon_core.shell:Creating package script '/home/spaaaaace/Code/ArUco/install/ArUco/share/ArUco/package.bash'
[1.172s] INFO:colcon.colcon_core.shell:Creating package script '/home/spaaaaace/Code/ArUco/install/ArUco/share/ArUco/package.zsh'
[1.173s] Level 1:colcon.colcon_core.environment:create_file_with_runtime_dependencies(/home/spaaaaace/Code/ArUco/install/ArUco/share/colcon-core/packages/ArUco)
[4.209s] DEBUG:colcon.colcon_parallel_executor.executor.parallel:closing loop
[4.210s] DEBUG:colcon.colcon_parallel_executor.executor.parallel:loop closed
[4.210s] DEBUG:colcon.colcon_parallel_executor.executor.parallel:run_until_complete finished with '1'
[4.210s] DEBUG:colcon.colcon_core.event_reactor:joining thread
[4.214s] INFO:colcon.colcon_core.plugin_system:Skipping extension 'colcon_notification.desktop_notification.terminal_notifier': Not used on non-Darwin systems
[4.214s] INFO:colcon.colcon_core.plugin_system:Skipping extension 'colcon_notification.desktop_notification.win32': Not used on non-Windows systems
[4.214s] INFO:colcon.colcon_notification.desktop_notification:Sending desktop notification using 'notify2'
[4.226s] DEBUG:colcon.colcon_core.event_reactor:joined thread
[4.227s] INFO:colcon.colcon_core.shell:Creating prefix script '/home/spaaaaace/Code/ArUco/install/local_setup.ps1'
[4.228s] INFO:colcon.colcon_core.shell:Creating prefix util module '/home/spaaaaace/Code/ArUco/install/_local_setup_util_ps1.py'
[4.229s] INFO:colcon.colcon_core.shell:Creating prefix chain script '/home/spaaaaace/Code/ArUco/install/setup.ps1'
[4.230s] INFO:colcon.colcon_core.shell:Creating prefix script '/home/spaaaaace/Code/ArUco/install/local_setup.sh'
[4.230s] INFO:colcon.colcon_core.shell:Creating prefix util module '/home/spaaaaace/Code/ArUco/install/_local_setup_util_sh.py'
[4.231s] INFO:colcon.colcon_core.shell:Creating prefix chain script '/home/spaaaaace/Code/ArUco/install/setup.sh'
[4.231s] INFO:colcon.colcon_core.shell:Creating prefix script '/home/spaaaaace/Code/ArUco/install/local_setup.bash'
[4.231s] INFO:colcon.colcon_core.shell:Creating prefix chain script '/home/spaaaaace/Code/ArUco/install/setup.bash'
[4.232s] INFO:colcon.colcon_core.shell:Creating prefix script '/home/spaaaaace/Code/ArUco/install/local_setup.zsh'
[4.232s] INFO:colcon.colcon_core.shell:Creating prefix chain script '/home/spaaaaace/Code/ArUco/install/setup.zsh'
