[0.010s] Invoking command in '/home/spaaaaace/Code/ArUco/build/ArUco': CMAKE_PREFIX_PATH=${CMAKE_PREFIX_PATH}:/opt/ros/humble /usr/local/bin/cmake --build /home/spaaaaace/Code/ArUco/build/ArUco -- -j22 -l22
[0.042s] [ 25%] [32mBuilding CXX object CMakeFiles/ArUco.dir/src/aruco_mark.cpp.o[0m
[0.811s] [01m[K/home/spaaaaace/Code/ArUco/src/aruco/src/aruco_mark.cpp:[m[K In member function ‘[01m[Kvoid ArucoMark::draw_mark(cv::Mat&, cv::Mat&, cv::Mat&)[m[K’:
[0.811s] [01m[K/home/spaaaaace/Code/ArUco/src/aruco/src/aruco_mark.cpp:31:26:[m[K [01;35m[Kwarning: [m[Kcomparison of integer expressions of different signedness: ‘[01m[Kint[m[K’ and ‘[01m[Kstd::vector<cv::Point_<float> >::size_type[m[K’ {aka ‘[01m[Klong unsigned int[m[K’} [[01;35m[K]8;;https://gcc.gnu.org/onlinedocs/gcc/Warning-Options.html#index-Wsign-compare-Wsign-compare]8;;[m[K]
[0.811s]    31 |         for(int i = 0; [01;35m[Ki < imgPts.size()[m[K; i++){
[0.811s]       |                        [01;35m[K~~^~~~~~~~~~~~~~~[m[K
[0.811s] [01m[K/home/spaaaaace/Code/ArUco/src/aruco/src/aruco_mark.cpp:48:26:[m[K [01;35m[Kwarning: [m[Kcomparison of integer expressions of different signedness: ‘[01m[Kint[m[K’ and ‘[01m[Kstd::vector<cv::Point_<float> >::size_type[m[K’ {aka ‘[01m[Klong unsigned int[m[K’} [[01;35m[K]8;;https://gcc.gnu.org/onlinedocs/gcc/Warning-Options.html#index-Wsign-compare-Wsign-compare]8;;[m[K]
[0.811s]    48 |         for(int i = 0; [01;35m[Ki < imgPts_rect.size()[m[K; i++){
[0.811s]       |                        [01;35m[K~~^~~~~~~~~~~~~~~~~~~~[m[K
[1.417s] [ 50%] [32m[1mLinking CXX executable ArUco[0m
[1.588s] /usr/bin/ld: warning: libopencv_imgproc.so.4.5d, needed by /opt/ros/humble/lib/libcv_bridge.so, may conflict with libopencv_imgproc.so.410
[1.589s] /usr/bin/ld: warning: libopencv_core.so.4.5d, needed by /opt/ros/humble/lib/libcv_bridge.so, may conflict with libopencv_core.so.410
[2.037s] [100%] Built target ArUco
[2.045s] Invoked command in '/home/spaaaaace/Code/ArUco/build/ArUco' returned '0': CMAKE_PREFIX_PATH=${CMAKE_PREFIX_PATH}:/opt/ros/humble /usr/local/bin/cmake --build /home/spaaaaace/Code/ArUco/build/ArUco -- -j22 -l22
[2.071s] Invoking command in '/home/spaaaaace/Code/ArUco/build/ArUco': CMAKE_PREFIX_PATH=${CMAKE_PREFIX_PATH}:/opt/ros/humble /usr/local/bin/cmake --install /home/spaaaaace/Code/ArUco/build/ArUco
[2.073s] -- Install configuration: "Debug"
[2.073s] -- Installing: /home/spaaaaace/Code/ArUco/install/ArUco/lib/ArUco/ArUco
[2.084s] -- Set runtime path of "/home/spaaaaace/Code/ArUco/install/ArUco/lib/ArUco/ArUco" to ""
[2.084s] -- Up-to-date: /home/spaaaaace/Code/ArUco/install/ArUco/share/ament_index/resource_index/package_run_dependencies/ArUco
[2.084s] -- Up-to-date: /home/spaaaaace/Code/ArUco/install/ArUco/share/ament_index/resource_index/parent_prefix_path/ArUco
[2.085s] -- Up-to-date: /home/spaaaaace/Code/ArUco/install/ArUco/share/ArUco/environment/ament_prefix_path.sh
[2.085s] -- Up-to-date: /home/spaaaaace/Code/ArUco/install/ArUco/share/ArUco/environment/ament_prefix_path.dsv
[2.085s] -- Up-to-date: /home/spaaaaace/Code/ArUco/install/ArUco/share/ArUco/environment/path.sh
[2.085s] -- Up-to-date: /home/spaaaaace/Code/ArUco/install/ArUco/share/ArUco/environment/path.dsv
[2.085s] -- Up-to-date: /home/spaaaaace/Code/ArUco/install/ArUco/share/ArUco/local_setup.bash
[2.085s] -- Up-to-date: /home/spaaaaace/Code/ArUco/install/ArUco/share/ArUco/local_setup.sh
[2.085s] -- Up-to-date: /home/spaaaaace/Code/ArUco/install/ArUco/share/ArUco/local_setup.zsh
[2.085s] -- Up-to-date: /home/spaaaaace/Code/ArUco/install/ArUco/share/ArUco/local_setup.dsv
[2.085s] -- Installing: /home/spaaaaace/Code/ArUco/install/ArUco/share/ArUco/package.dsv
[2.085s] -- Up-to-date: /home/spaaaaace/Code/ArUco/install/ArUco/share/ament_index/resource_index/packages/ArUco
[2.085s] -- Up-to-date: /home/spaaaaace/Code/ArUco/install/ArUco/share/ArUco/cmake/ArUcoConfig.cmake
[2.085s] -- Up-to-date: /home/spaaaaace/Code/ArUco/install/ArUco/share/ArUco/cmake/ArUcoConfig-version.cmake
[2.086s] -- Up-to-date: /home/spaaaaace/Code/ArUco/install/ArUco/share/ArUco/package.xml
[2.087s] Invoked command in '/home/spaaaaace/Code/ArUco/build/ArUco' returned '0': CMAKE_PREFIX_PATH=${CMAKE_PREFIX_PATH}:/opt/ros/humble /usr/local/bin/cmake --install /home/spaaaaace/Code/ArUco/build/ArUco
