[0.009s] Invoking command in '/home/spaaaaace/Code/ArUco/build/dji_action4_camera': CMAKE_PREFIX_PATH=${CMAKE_PREFIX_PATH}:/opt/ros/humble CONDA_PROMPT_MODIFIER=(vision) /usr/local/bin/cmake /home/spaaaaace/Code/ArUco/src/dji_Action4_camera -DCMAKE_INSTALL_PREFIX=/home/spaaaaace/Code/ArUco/install/dji_action4_camera
[0.045s] -- The C compiler identification is GNU 11.4.0
[0.091s] -- The CXX compiler identification is GNU 11.4.0
[0.100s] -- Detecting C compiler ABI info
[0.146s] -- Detecting C compiler ABI info - done
[0.153s] -- Check for working C compiler: /usr/bin/cc - skipped
[0.153s] -- Detecting C compile features
[0.154s] -- Detecting C compile features - done
[0.155s] -- Detecting CXX compiler ABI info
[0.209s] -- Detecting CXX compiler ABI info - done
[0.219s] -- Check for working CXX compiler: /usr/bin/c++ - skipped
[0.219s] -- Detecting CXX compile features
[0.220s] -- Detecting CXX compile features - done
[0.221s] -- Found ament_cmake: 1.3.11 (/opt/ros/humble/share/ament_cmake/cmake)
[0.444s] -- Found Python3: /home/spaaaaace/anaconda3/envs/vision/bin/python3 (found version "3.8.20") found components: Interpreter 
[0.505s] -- Found OpenCV: /usr/local (found version "4.10.0") 
[0.506s] -- Found rclcpp: 16.0.10 (/opt/ros/humble/share/rclcpp/cmake)
[0.537s] -- Found rosidl_generator_c: 3.1.5 (/opt/ros/humble/share/rosidl_generator_c/cmake)
[0.540s] -- Found rosidl_adapter: 3.1.5 (/opt/ros/humble/share/rosidl_adapter/cmake)
[0.547s] -- Found rosidl_generator_cpp: 3.1.5 (/opt/ros/humble/share/rosidl_generator_cpp/cmake)
[0.555s] -- Using all available rosidl_typesupport_c: rosidl_typesupport_fastrtps_c;rosidl_typesupport_introspection_c
[0.566s] -- Using all available rosidl_typesupport_cpp: rosidl_typesupport_fastrtps_cpp;rosidl_typesupport_introspection_cpp
[0.598s] -- Found rmw_implementation_cmake: 6.1.2 (/opt/ros/humble/share/rmw_implementation_cmake/cmake)
[0.599s] -- Found rmw_fastrtps_cpp: 6.2.7 (/opt/ros/humble/share/rmw_fastrtps_cpp/cmake)
[0.668s] -- Found OpenSSL: /usr/lib/x86_64-linux-gnu/libcrypto.so (found version "3.0.2")  
[0.686s] -- Found FastRTPS: /opt/ros/humble/include  
[0.719s] -- Using RMW implementation 'rmw_fastrtps_cpp' as default
[0.725s] -- Performing Test CMAKE_HAVE_LIBC_PTHREAD
[0.773s] -- Performing Test CMAKE_HAVE_LIBC_PTHREAD - Success
[0.774s] -- Found Threads: TRUE  
[0.816s] -- Found sensor_msgs: 4.2.4 (/opt/ros/humble/share/sensor_msgs/cmake)
[0.843s] -- Found cv_bridge: 3.2.1 (/opt/ros/humble/share/cv_bridge/cmake)
[0.846s] -- Found image_transport: 3.1.9 (/opt/ros/humble/share/image_transport/cmake)
[0.869s] -- Found ament_lint_auto: 0.12.11 (/opt/ros/humble/share/ament_lint_auto/cmake)
[0.933s] -- Added test 'cppcheck' to perform static code analysis on C / C++ code
[0.933s] -- Configured cppcheck include dirs: 
[0.933s] -- Configured cppcheck exclude dirs and/or files: 
[0.934s] -- Added test 'lint_cmake' to check CMake code style
[0.934s] -- Added test 'uncrustify' to check C / C++ code style
[0.934s] -- Configured uncrustify additional arguments: 
[0.934s] -- Added test 'xmllint' to check XML markup files
[0.935s] -- Configuring done (0.9s)
[0.941s] -- Generating done (0.0s)
[0.942s] -- Build files have been written to: /home/spaaaaace/Code/ArUco/build/dji_action4_camera
[0.951s] Invoked command in '/home/spaaaaace/Code/ArUco/build/dji_action4_camera' returned '0': CMAKE_PREFIX_PATH=${CMAKE_PREFIX_PATH}:/opt/ros/humble CONDA_PROMPT_MODIFIER=(vision) /usr/local/bin/cmake /home/spaaaaace/Code/ArUco/src/dji_Action4_camera -DCMAKE_INSTALL_PREFIX=/home/spaaaaace/Code/ArUco/install/dji_action4_camera
[0.953s] Invoking command in '/home/spaaaaace/Code/ArUco/build/dji_action4_camera': CMAKE_PREFIX_PATH=${CMAKE_PREFIX_PATH}:/opt/ros/humble CONDA_PROMPT_MODIFIER=(vision) /usr/local/bin/cmake --build /home/spaaaaace/Code/ArUco/build/dji_action4_camera -- -j22 -l22
[0.973s] [ 50%] [32mBuilding CXX object CMakeFiles/camera_node.dir/src/camera_node.cpp.o[0m
[2.691s] In file included from [01m[K/opt/ros/humble/include/rclcpp/rclcpp/logging.hpp:24[m[K,
[2.691s]                  from [01m[K/opt/ros/humble/include/rclcpp/rclcpp/client.hpp:40[m[K,
[2.691s]                  from [01m[K/opt/ros/humble/include/rclcpp/rclcpp/callback_group.hpp:24[m[K,
[2.691s]                  from [01m[K/opt/ros/humble/include/rclcpp/rclcpp/any_executable.hpp:20[m[K,
[2.691s]                  from [01m[K/opt/ros/humble/include/rclcpp/rclcpp/memory_strategy.hpp:25[m[K,
[2.691s]                  from [01m[K/opt/ros/humble/include/rclcpp/rclcpp/memory_strategies.hpp:18[m[K,
[2.691s]                  from [01m[K/opt/ros/humble/include/rclcpp/rclcpp/executor_options.hpp:20[m[K,
[2.691s]                  from [01m[K/opt/ros/humble/include/rclcpp/rclcpp/executor.hpp:37[m[K,
[2.691s]                  from [01m[K/opt/ros/humble/include/rclcpp/rclcpp/executors/multi_threaded_executor.hpp:25[m[K,
[2.691s]                  from [01m[K/opt/ros/humble/include/rclcpp/rclcpp/executors.hpp:21[m[K,
[2.691s]                  from [01m[K/opt/ros/humble/include/rclcpp/rclcpp/rclcpp.hpp:155[m[K,
[2.691s]                  from [01m[K/home/spaaaaace/Code/ArUco/src/dji_Action4_camera/src/camera_node.cpp:1[m[K:
[2.691s] [01m[K/home/spaaaaace/Code/ArUco/src/dji_Action4_camera/src/camera_node.cpp:[m[K In member function ‘[01m[Kvoid CameraNode::setup_timer()[m[K’:
[2.691s] [01m[K/home/spaaaaace/Code/ArUco/src/dji_Action4_camera/src/camera_node.cpp:72:45:[m[K [01;35m[Kwarning: [m[Kformat ‘[01m[K%lld[m[K’ expects argument of type ‘[01m[Klong long int[m[K’, but argument 6 has type ‘[01m[Kstd::chrono::duration<long int, std::ratio<1, 1000> >::rep[m[K’ {aka ‘[01m[Klong int[m[K’} [[01;35m[K]8;;https://gcc.gnu.org/onlinedocs/gcc/Warning-Options.html#index-Wformat=-Wformat=]8;;[m[K]
[2.691s]    72 |             RCLCPP_INFO(this->get_logger(), [01;35m[K"camera fps: %.2f FPS, timer %lld ms"[m[K, fps, [32m[Kperiod.count()[m[K);
[2.691s]       |                                             [01;35m[K^~~~~~~~~~~~~~~~~~~~~~~~~~~~~~~~~~~~~[m[K       [32m[K~~~~~~~~~~~~~~[m[K
[2.691s]       |                                                                                                     [32m[K|[m[K
[2.691s]       |                                                                                                     [32m[Kstd::chrono::duration<long int, std::ratio<1, 1000> >::rep {aka long int}[m[K
[2.691s] [01m[K/home/spaaaaace/Code/ArUco/src/dji_Action4_camera/src/camera_node.cpp:72:77:[m[K [01;36m[Knote: [m[Kformat string is defined here
[2.691s]    72 | PP_INFO(this->get_logger(), "camera fps: %.2f FPS, timer [01;36m[K%lld[m[K ms", fps, period.count());
[2.691s]       |                                                          [01;36m[K~~~^[m[K
[2.691s]       |                                                             [01;36m[K|[m[K
[2.691s]       |                                                             [01;36m[Klong long int[m[K
[2.691s]       |                                                          [32m[K%ld[m[K
[3.703s] [100%] [32m[1mLinking CXX executable camera_node[0m
[3.771s] /usr/bin/ld: warning: libopencv_core.so.4.5d, needed by /opt/ros/humble/lib/libcv_bridge.so, may conflict with libopencv_core.so.410
[3.976s] [100%] Built target camera_node
