[0.011s] Invoking command in '/home/spaaaaace/Code/ArUco/build/dji_action4_camera': CMAKE_PREFIX_PATH=${CMAKE_PREFIX_PATH}:/opt/ros/humble /usr/local/bin/cmake --build /home/spaaaaace/Code/ArUco/build/dji_action4_camera -- -j22 -l22
[0.036s] [100%] Built target camera_node
[0.039s] Invoked command in '/home/spaaaaace/Code/ArUco/build/dji_action4_camera' returned '0': CMAKE_PREFIX_PATH=${CMAKE_PREFIX_PATH}:/opt/ros/humble /usr/local/bin/cmake --build /home/spaaaaace/Code/ArUco/build/dji_action4_camera -- -j22 -l22
[0.061s] Invoking command in '/home/spaaaaace/Code/ArUco/build/dji_action4_camera': CMAKE_PREFIX_PATH=${CMAKE_PREFIX_PATH}:/opt/ros/humble /usr/local/bin/cmake --install /home/spaaaaace/Code/ArUco/build/dji_action4_camera
[0.062s] -- Install configuration: ""
[0.063s] -- Up-to-date: /home/spaaaaace/Code/ArUco/install/dji_action4_camera/lib/dji_action4_camera/camera_node
[0.063s] -- Up-to-date: /home/spaaaaace/Code/ArUco/install/dji_action4_camera/share/ament_index/resource_index/package_run_dependencies/dji_action4_camera
[0.063s] -- Up-to-date: /home/spaaaaace/Code/ArUco/install/dji_action4_camera/share/ament_index/resource_index/parent_prefix_path/dji_action4_camera
[0.063s] -- Up-to-date: /home/spaaaaace/Code/ArUco/install/dji_action4_camera/share/dji_action4_camera/environment/ament_prefix_path.sh
[0.063s] -- Up-to-date: /home/spaaaaace/Code/ArUco/install/dji_action4_camera/share/dji_action4_camera/environment/ament_prefix_path.dsv
[0.063s] -- Up-to-date: /home/spaaaaace/Code/ArUco/install/dji_action4_camera/share/dji_action4_camera/environment/path.sh
[0.063s] -- Up-to-date: /home/spaaaaace/Code/ArUco/install/dji_action4_camera/share/dji_action4_camera/environment/path.dsv
[0.063s] -- Up-to-date: /home/spaaaaace/Code/ArUco/install/dji_action4_camera/share/dji_action4_camera/local_setup.bash
[0.063s] -- Up-to-date: /home/spaaaaace/Code/ArUco/install/dji_action4_camera/share/dji_action4_camera/local_setup.sh
[0.063s] -- Up-to-date: /home/spaaaaace/Code/ArUco/install/dji_action4_camera/share/dji_action4_camera/local_setup.zsh
[0.063s] -- Up-to-date: /home/spaaaaace/Code/ArUco/install/dji_action4_camera/share/dji_action4_camera/local_setup.dsv
[0.064s] -- Installing: /home/spaaaaace/Code/ArUco/install/dji_action4_camera/share/dji_action4_camera/package.dsv
[0.064s] -- Up-to-date: /home/spaaaaace/Code/ArUco/install/dji_action4_camera/share/ament_index/resource_index/packages/dji_action4_camera
[0.064s] -- Up-to-date: /home/spaaaaace/Code/ArUco/install/dji_action4_camera/share/dji_action4_camera/cmake/dji_action4_cameraConfig.cmake
[0.064s] -- Up-to-date: /home/spaaaaace/Code/ArUco/install/dji_action4_camera/share/dji_action4_camera/cmake/dji_action4_cameraConfig-version.cmake
[0.064s] -- Up-to-date: /home/spaaaaace/Code/ArUco/install/dji_action4_camera/share/dji_action4_camera/package.xml
[0.065s] Invoked command in '/home/spaaaaace/Code/ArUco/build/dji_action4_camera' returned '0': CMAKE_PREFIX_PATH=${CMAKE_PREFIX_PATH}:/opt/ros/humble /usr/local/bin/cmake --install /home/spaaaaace/Code/ArUco/build/dji_action4_camera
