-- Found ament_cmake: 1.3.11 (/opt/ros/humble/share/ament_cmake/cmake)
-- Found rclcpp: 16.0.10 (/opt/ros/humble/share/rclcpp/cmake)
-- Found rosidl_generator_c: 3.1.5 (/opt/ros/humble/share/rosidl_generator_c/cmake)
-- Found rosidl_adapter: 3.1.5 (/opt/ros/humble/share/rosidl_adapter/cmake)
-- Found rosidl_generator_cpp: 3.1.5 (/opt/ros/humble/share/rosidl_generator_cpp/cmake)
-- Using all available rosidl_typesupport_c: rosidl_typesupport_fastrtps_c;rosidl_typesupport_introspection_c
-- Using all available rosidl_typesupport_cpp: rosidl_typesupport_fastrtps_cpp;rosidl_typesupport_introspection_cpp
-- Found rmw_implementation_cmake: 6.1.2 (/opt/ros/humble/share/rmw_implementation_cmake/cmake)
-- Found rmw_fastrtps_cpp: 6.2.7 (/opt/ros/humble/share/rmw_fastrtps_cpp/cmake)
-- Using RMW implementation 'rmw_fastrtps_cpp' as default
-- Found sensor_msgs: 4.2.4 (/opt/ros/humble/share/sensor_msgs/cmake)
-- Found cv_bridge: 3.2.1 (/opt/ros/humble/share/cv_bridge/cmake)
-- Found tf2: 0.25.12 (/opt/ros/humble/share/tf2/cmake)
-- Found tf2_ros: 0.25.12 (/opt/ros/humble/share/tf2_ros/cmake)
-- Found tf2_geometry_msgs: 0.25.8 (/opt/ros/humble/share/tf2_geometry_msgs/cmake)
-- Found eigen3_cmake_module: 0.1.1 (/opt/ros/humble/share/eigen3_cmake_module/cmake)
-- Ensuring Eigen3 include directory is part of orocos-kdl CMake target
-- Found visualization_msgs: 4.2.4 (/opt/ros/humble/share/visualization_msgs/cmake)
-- Found ament_lint_auto: 0.12.11 (/opt/ros/humble/share/ament_lint_auto/cmake)
-- Added test 'cppcheck' to perform static code analysis on C / C++ code
-- Configured cppcheck include dirs: /home/spaaaaace/Code/ArUco/src/aruco/include/ArUco
-- Configured cppcheck exclude dirs and/or files: 
-- Added test 'lint_cmake' to check CMake code style
-- Added test 'uncrustify' to check C / C++ code style
-- Configured uncrustify additional arguments: 
-- Added test 'xmllint' to check XML markup files
-- Configuring done (0.4s)
-- Generating done (0.0s)
-- Build files have been written to: /home/spaaaaace/Code/ArUco/build/ArUco
[ 50%] [32mBuilding CXX object CMakeFiles/ArUco.dir/src/ArUco.cpp.o[0m
[ 50%] [32mBuilding CXX object CMakeFiles/ArUco.dir/src/kalman.cpp.o[0m
[ 75%] [32mBuilding CXX object CMakeFiles/ArUco.dir/src/aruco_mark.cpp.o[0m
[100%] [32m[1mLinking CXX executable ArUco[0m
[100%] Built target ArUco
-- Install configuration: "Debug"
-- Installing: /home/spaaaaace/Code/ArUco/install/ArUco/lib/ArUco/ArUco
-- Set runtime path of "/home/spaaaaace/Code/ArUco/install/ArUco/lib/ArUco/ArUco" to ""
-- Up-to-date: /home/spaaaaace/Code/ArUco/install/ArUco/share/ament_index/resource_index/package_run_dependencies/ArUco
-- Installing: /home/spaaaaace/Code/ArUco/install/ArUco/share/ament_index/resource_index/parent_prefix_path/ArUco
-- Up-to-date: /home/spaaaaace/Code/ArUco/install/ArUco/share/ArUco/environment/ament_prefix_path.sh
-- Installing: /home/spaaaaace/Code/ArUco/install/ArUco/share/ArUco/environment/ament_prefix_path.dsv
-- Up-to-date: /home/spaaaaace/Code/ArUco/install/ArUco/share/ArUco/environment/path.sh
-- Installing: /home/spaaaaace/Code/ArUco/install/ArUco/share/ArUco/environment/path.dsv
-- Up-to-date: /home/spaaaaace/Code/ArUco/install/ArUco/share/ArUco/local_setup.bash
-- Up-to-date: /home/spaaaaace/Code/ArUco/install/ArUco/share/ArUco/local_setup.sh
-- Up-to-date: /home/spaaaaace/Code/ArUco/install/ArUco/share/ArUco/local_setup.zsh
-- Installing: /home/spaaaaace/Code/ArUco/install/ArUco/share/ArUco/local_setup.dsv
-- Installing: /home/spaaaaace/Code/ArUco/install/ArUco/share/ArUco/package.dsv
-- Up-to-date: /home/spaaaaace/Code/ArUco/install/ArUco/share/ament_index/resource_index/packages/ArUco
-- Up-to-date: /home/spaaaaace/Code/ArUco/install/ArUco/share/ArUco/cmake/ArUcoConfig.cmake
-- Up-to-date: /home/spaaaaace/Code/ArUco/install/ArUco/share/ArUco/cmake/ArUcoConfig-version.cmake
-- Up-to-date: /home/spaaaaace/Code/ArUco/install/ArUco/share/ArUco/package.xml
